<?xml version="1.0" encoding="UTF-8"?>
<!-- Generated by org.testng.reporters.JUnitXMLReporter -->
<testsuite ignored="0" hostname="HaRdIk-PC" failures="0" tests="4" name="Login Tests" time="64.951" errors="0" timestamp="2025-04-26T21:47:33 NPT">
  <testcase classname="com.project.automationexercise.tests.LoginTest" name="testSuccessfulLogin" time="3.857"/>
  <testcase classname="com.project.automationexercise.tests.LoginTest" name="testLogout" time="27.726"/>
  <testcase classname="com.project.automationexercise.tests.LoginTest" name="testInvalidLogin" time="2.785"/>
  <testcase classname="com.project.automationexercise.tests.LoginTest" name="testReLogin" time="9.282"/>
</testsuite> <!-- Login Tests -->
