<?xml version="1.0" encoding="UTF-8"?>
<!-- Generated by org.testng.reporters.JUnitXMLReporter -->
<testsuite ignored="0" hostname="HaRdIk-PC" failures="0" tests="3" name="Product Tests" time="21.659" errors="0" timestamp="2025-04-26T21:47:54 NPT">
  <testcase classname="com.project.automationexercise.tests.ProductTest" name="testProductFiltering" time="3.284"/>
  <testcase classname="com.project.automationexercise.tests.ProductTest" name="testProductDetails" time="2.121"/>
  <testcase classname="com.project.automationexercise.tests.ProductTest" name="testAddToCart" time="2.523"/>
</testsuite> <!-- Product Tests -->
