<?xml version="1.0" encoding="UTF-8"?>
<!-- Generated by org.testng.reporters.JUnitXMLReporter -->
<testsuite ignored="0" hostname="HaRdIk-PC" failures="0" tests="4" name="Registration Tests" time="59.684" errors="0" timestamp="2025-04-26T21:46:28 NPT">
  <testcase classname="com.project.automationexercise.tests.RegisterTest" name="testCompleteRegistrationWithDataStorage" time="29.118"/>
  <testcase classname="com.project.automationexercise.tests.RegisterTest" name="verifyStoredRegistrationData" time="0.018"/>
  <testcase classname="com.project.automationexercise.tests.RegisterTest" name="testDuplicateRegistrationWithStoredEmail" time="3.103"/>
  <testcase classname="com.project.automationexercise.tests.RegisterTest" name="testMinimalRegistration" time="6.287"/>
</testsuite> <!-- Registration Tests -->
