<?xml version="1.0" encoding="UTF-8"?>
<!-- Generated by org.testng.reporters.JUnitXMLReporter -->
<testsuite ignored="0" hostname="DESKTOP-HKVN9FH" failures="0" tests="4" name="Default test" time="65.031" errors="0" timestamp="2025-04-27T14:48:02 GMT+05:45">
  <testcase classname="com.project.automationexercise.tests.RegisterTest" name="testCompleteRegistrationWithDataStorage" time="29.783"/>
  <testcase classname="com.project.automationexercise.tests.RegisterTest" name="verifyStoredRegistrationData" time="0.01"/>
  <testcase classname="com.project.automationexercise.tests.RegisterTest" name="testDuplicateRegistrationWithStoredEmail" time="2.594"/>
  <testcase classname="com.project.automationexercise.tests.RegisterTest" name="testMinimalRegistration" time="6.282"/>
</testsuite> <!-- Default test -->
